
------------------------------------
  Logging start.  ## CURRENT TIME  : [5/8, 2015   12:0  36.194]  ## COMMAND LINE  : 
cmd /C "gen_csini.exe"
------------------------------------
[STD-IN] : C:\Users\Kuba\Dysk Google\synergia\Synergolf\RBC\.metadata\.plugins\sst.csgp\bin\env_vars.txt
GUI is waiting for subprocess to be done...
Execution done. EXIT CODE = 0
  Logging finished.  ## CURRENT TIME  : [5/8, 2015   12:0  41.154]
------------------------------------

------------------------------------
  Logging start.  ## CURRENT TIME  : [5/8, 2015   12:36  15.442]  ## COMMAND LINE  : 
cmd /C "gen_csini.exe"
------------------------------------
[STD-IN] : C:\Users\Kuba\Dysk Google\synergia\Synergolf\RBC\.metadata\.plugins\sst.csgp\bin\env_vars.txt
GUI is waiting for subprocess to be done...
Execution done. EXIT CODE = 0
  Logging finished.  ## CURRENT TIME  : [5/8, 2015   12:36  19.927]
------------------------------------

------------------------------------
  Logging start.  ## CURRENT TIME  : [5/8, 2015   19:24  49.753]  ## COMMAND LINE  : 
cmd /C "gen_csini.exe"
------------------------------------
[STD-IN] : C:\Users\Kuba\Dysk Google\synergia\Synergolf\RBC\.metadata\.plugins\sst.csgp\bin\env_vars.txt
GUI is waiting for subprocess to be done...
Execution done. EXIT CODE = 0
  Logging finished.  ## CURRENT TIME  : [5/8, 2015   19:24  53.972]
------------------------------------

------------------------------------
  Logging start.  ## CURRENT TIME  : [5/9, 2015   11:31  27.35]  ## COMMAND LINE  : 
cmd /C "gen_csini.exe"
------------------------------------
[STD-IN] : C:\Users\Kuba\Dysk Google\synergia\Synergolf\RBC\.metadata\.plugins\sst.csgp\bin\env_vars.txt
GUI is waiting for subprocess to be done...
Execution done. EXIT CODE = 0
  Logging finished.  ## CURRENT TIME  : [5/9, 2015   11:31  35.363]
------------------------------------

------------------------------------
  Logging start.  ## CURRENT TIME  : [5/10, 2015   18:54  10.404]  ## COMMAND LINE  : 
cmd /C "gen_csini.exe"
------------------------------------
[STD-IN] : C:\Users\Kuba\Dysk Google\synergia\Synergolf\RBC\.metadata\.plugins\sst.csgp\bin\env_vars.txt
GUI is waiting for subprocess to be done...
Execution done. EXIT CODE = 0
  Logging finished.  ## CURRENT TIME  : [5/10, 2015   18:54  15.181]
------------------------------------

------------------------------------
  Logging start.  ## CURRENT TIME  : [5/11, 2015   11:4  25.651]  ## COMMAND LINE  : 
cmd /C "gen_csini.exe"
------------------------------------
[STD-IN] : C:\Users\Kuba\Dysk Google\synergia\Synergolf\RBC\.metadata\.plugins\sst.csgp\bin\env_vars.txt
GUI is waiting for subprocess to be done...
Execution done. EXIT CODE = 0
  Logging finished.  ## CURRENT TIME  : [5/11, 2015   11:4  31.336]
------------------------------------

------------------------------------
  Logging start.  ## CURRENT TIME  : [5/12, 2015   12:25  23.771]  ## COMMAND LINE  : 
cmd /C "gen_csini.exe"
------------------------------------
[STD-IN] : C:\Users\Kuba\Dysk Google\synergia\Synergolf\RBC\.metadata\.plugins\sst.csgp\bin\env_vars.txt
GUI is waiting for subprocess to be done...
Execution done. EXIT CODE = 0
  Logging finished.  ## CURRENT TIME  : [5/12, 2015   12:25  29.452]
------------------------------------

------------------------------------
  Logging start.  ## CURRENT TIME  : [5/13, 2015   10:17  43.423]  ## COMMAND LINE  : 
cmd /C "gen_csini.exe"
------------------------------------
[STD-IN] : C:\Users\Kuba\Dysk Google\synergia\Synergolf\RBC\.metadata\.plugins\sst.csgp\bin\env_vars.txt
GUI is waiting for subprocess to be done...
Execution done. EXIT CODE = 0
  Logging finished.  ## CURRENT TIME  : [5/13, 2015   10:17  49.627]
------------------------------------

------------------------------------
  Logging start.  ## CURRENT TIME  : [5/13, 2015   16:50  8.643]  ## COMMAND LINE  : 
cmd /C "gen_csini.exe"
------------------------------------
[STD-IN] : C:\Users\Kuba\Dysk Google\synergia\Synergolf\RBC\.metadata\.plugins\sst.csgp\bin\env_vars.txt
GUI is waiting for subprocess to be done...
Execution done. EXIT CODE = 0
  Logging finished.  ## CURRENT TIME  : [5/13, 2015   16:50  13.648]
------------------------------------

------------------------------------
  Logging start.  ## CURRENT TIME  : [5/14, 2015   9:57  47.811]  ## COMMAND LINE  : 
cmd /C "gen_csini.exe"
------------------------------------
[STD-IN] : C:\Users\Kuba\Dysk Google\synergia\Synergolf\RBC\.metadata\.plugins\sst.csgp\bin\env_vars.txt
GUI is waiting for subprocess to be done...
Execution done. EXIT CODE = 0
  Logging finished.  ## CURRENT TIME  : [5/14, 2015   9:57  53.987]
------------------------------------

------------------------------------
  Logging start.  ## CURRENT TIME  : [5/15, 2015   10:49  53.988]  ## COMMAND LINE  : 
cmd /C "gen_csini.exe"
------------------------------------
[STD-IN] : C:\Users\Kuba\Dysk Google\synergia\Synergolf\RBC\.metadata\.plugins\sst.csgp\bin\env_vars.txt
GUI is waiting for subprocess to be done...
Execution done. EXIT CODE = 0
  Logging finished.  ## CURRENT TIME  : [5/15, 2015   10:50  1.169]
------------------------------------

------------------------------------
  Logging start.  ## CURRENT TIME  : [5/16, 2015   1:26  33.131]  ## COMMAND LINE  : 
cmd /C "gen_csini.exe"
------------------------------------
[STD-IN] : C:\Users\Kuba\Dysk Google\synergia\Synergolf\RBC\.metadata\.plugins\sst.csgp\bin\env_vars.txt
GUI is waiting for subprocess to be done...
Execution done. EXIT CODE = 0
  Logging finished.  ## CURRENT TIME  : [5/16, 2015   1:26  37.352]
------------------------------------

------------------------------------
  Logging start.  ## CURRENT TIME  : [6/30, 2015   21:55  49.980]  ## COMMAND LINE  : 
cmd /C "gen_csini.exe"
------------------------------------
[STD-IN] : C:\Users\Kuba\Dysk Google\synergia\Synergolf\RBC\.metadata\.plugins\sst.csgp\bin\env_vars.txt
GUI is waiting for subprocess to be done...
Execution done. EXIT CODE = 0
  Logging finished.  ## CURRENT TIME  : [6/30, 2015   21:55  54.748]
------------------------------------

------------------------------------
  Logging start.  ## CURRENT TIME  : [6/30, 2015   22:3  39.435]  ## COMMAND LINE  : 
cmd /C "gen_csini.exe"
------------------------------------
[STD-IN] : C:\Users\Kuba\Dysk Google\synergia\Synergolf\RBC\.metadata\.plugins\sst.csgp\bin\env_vars.txt
GUI is waiting for subprocess to be done...
Execution done. EXIT CODE = 0
  Logging finished.  ## CURRENT TIME  : [6/30, 2015   22:3  43.268]
------------------------------------

------------------------------------
  Logging start.  ## CURRENT TIME  : [7/8, 2015   12:55  10.870]  ## COMMAND LINE  : 
cmd /C "gen_csini.exe"
------------------------------------
[STD-IN] : C:\Users\Kuba\Dysk Google\synergia\Synergolf\RBC\.metadata\.plugins\sst.csgp\bin\env_vars.txt
GUI is waiting for subprocess to be done...
Execution done. EXIT CODE = 0
  Logging finished.  ## CURRENT TIME  : [7/8, 2015   12:55  15.382]
------------------------------------

------------------------------------
  Logging start.  ## CURRENT TIME  : [5/10, 2016   16:0  41.456]  ## COMMAND LINE  : 
cmd /C "gen_csini.exe"
------------------------------------
[STD-IN] : C:\Users\Kuba\Dysk Google\synergia\Synergolf\RBC\.metadata\.plugins\sst.csgp\bin\env_vars.txt
GUI is waiting for subprocess to be done...
Execution done. EXIT CODE = 0
  Logging finished.  ## CURRENT TIME  : [5/10, 2016   16:0  48.257]
------------------------------------

------------------------------------
  Logging start.  ## CURRENT TIME  : [5/10, 2016   18:17  8.18]  ## COMMAND LINE  : 
cmd /C "gen_csini.exe"
------------------------------------
[STD-IN] : C:\Users\Kuba\Dysk Google\synergia\Synergolf\RBC\.metadata\.plugins\sst.csgp\bin\env_vars.txt
GUI is waiting for subprocess to be done...
Execution done. EXIT CODE = 0
  Logging finished.  ## CURRENT TIME  : [5/10, 2016   18:17  12.643]
------------------------------------

------------------------------------
  Logging start.  ## CURRENT TIME  : [5/11, 2016   16:55  8.74]  ## COMMAND LINE  : 
cmd /C "gen_csini.exe"
------------------------------------
[STD-IN] : C:\Users\Kuba\Dysk Google\synergia\Synergolf\RBC\.metadata\.plugins\sst.csgp\bin\env_vars.txt
GUI is waiting for subprocess to be done...
Execution done. EXIT CODE = 0
  Logging finished.  ## CURRENT TIME  : [5/11, 2016   16:55  14.224]
------------------------------------

------------------------------------
  Logging start.  ## CURRENT TIME  : [5/13, 2016   15:3  9.720]  ## COMMAND LINE  : 
cmd /C "gen_csini.exe"
------------------------------------
[STD-IN] : C:\Users\Kuba\Dysk Google\synergia\Synergolf\RBC\.metadata\.plugins\sst.csgp\bin\env_vars.txt
GUI is waiting for subprocess to be done...
Execution done. EXIT CODE = 0
  Logging finished.  ## CURRENT TIME  : [5/13, 2016   15:3  17.46]
------------------------------------

------------------------------------
  Logging start.  ## CURRENT TIME  : [5/13, 2016   15:8  46.174]  ## COMMAND LINE  : 
cmd /C "gen_csini.exe"
------------------------------------
[STD-IN] : C:\Users\Kuba\Dysk Google\synergia\Synergolf\RBC\.metadata\.plugins\sst.csgp\bin\env_vars.txt
GUI is waiting for subprocess to be done...
Execution done. EXIT CODE = 0
  Logging finished.  ## CURRENT TIME  : [5/13, 2016   15:8  50.383]
------------------------------------
